# JRE version: OpenJDK Runtime Environment (17.0.2+8) (build 17.0.2+8-86)
# Java VM: OpenJDK 64-Bit Server VM (17.0.2+8-86, mixed mode, sharing, tiered, compressed oops, compressed class ptrs, g1 gc, windows-amd64)
GC Precious Log:
 CPUs: 12 total, 12 available
 Memory: 16302M
 Large Page Support: Disabled
 NUMA Support: Disabled
 Compressed Oops: Enabled (Zero based)
 Heap Region Size: 2M
 Heap Min Capacity: 8M
 Heap Initial Capacity: 256M
 Heap Max Capacity: 4076M
 Pre-touch: Disabled
 Parallel Workers: 10
 Concurrent Workers: 3
 Concurrent Refinement Workers: 10
 Periodic GC: Disabled
Heap:
 garbage-first heap   total 786432K, used 407490K [0x0000000701400000, 0x0000000800000000)
  region size 2048K, 108 young (221184K), 7 survivors (14336K)
 Metaspace       used 6460K, committed 6720K, reserved 1064960K
  class space    used 330K, committed 448K, reserved 1048576K
GC Heap History (18 events):
Event: 0.972 GC heap before
{Heap before GC invocations=0 (full 0):
 garbage-first heap   total 262144K, used 22528K [0x0000000701400000, 0x0000000800000000)
  region size 2048K, 11 young (22528K), 0 survivors (0K)
 Metaspace       used 6225K, committed 6464K, reserved 1064960K
  class space    used 310K, committed 448K, reserved 1048576K
}
Event: 0.978 GC heap after
{Heap after GC invocations=1 (full 0):
 garbage-first heap   total 262144K, used 10493K [0x0000000701400000, 0x0000000800000000)
  region size 2048K, 2 young (4096K), 2 survivors (4096K)
 Metaspace       used 6225K, committed 6464K, reserved 1064960K
  class space    used 310K, committed 448K, reserved 1048576K
}
Event: 0.982 GC heap before
{Heap before GC invocations=1 (full 0):
 garbage-first heap   total 262144K, used 33021K [0x0000000701400000, 0x0000000800000000)
  region size 2048K, 13 young (26624K), 2 survivors (4096K)
 Metaspace       used 6227K, committed 6464K, reserved 1064960K
  class space    used 310K, committed 448K, reserved 1048576K
}
Event: 0.992 GC heap after
{Heap after GC invocations=2 (full 0):
 garbage-first heap   total 262144K, used 33402K [0x0000000701400000, 0x0000000800000000)
  region size 2048K, 2 young (4096K), 2 survivors (4096K)
 Metaspace       used 6227K, committed 6464K, reserved 1064960K
  class space    used 310K, committed 448K, reserved 1048576K
}
Event: 0.996 GC heap before
{Heap before GC invocations=2 (full 0):
 garbage-first heap   total 262144K, used 57978K [0x0000000701400000, 0x0000000800000000)
  region size 2048K, 14 young (28672K), 2 survivors (4096K)
 Metaspace       used 6227K, committed 6464K, reserved 1064960K
  class space    used 310K, committed 448K, reserved 1048576K
}
Event: 1.007 GC heap after
{Heap after GC invocations=3 (full 0):
 garbage-first heap   total 262144K, used 59172K [0x0000000701400000, 0x0000000800000000)
  region size 2048K, 2 young (4096K), 2 survivors (4096K)
 Metaspace       used 6227K, committed 6464K, reserved 1064960K
  class space    used 310K, committed 448K, reserved 1048576K
}
Event: 1.012 GC heap before
{Heap before GC invocations=3 (full 0):
 garbage-first heap   total 262144K, used 89892K [0x0000000701400000, 0x0000000800000000)
  region size 2048K, 17 young (34816K), 2 survivors (4096K)
 Metaspace       used 6227K, committed 6464K, reserved 1064960K
  class space    used 310K, committed 448K, reserved 1048576K
}
Event: 1.026 GC heap after
{Heap after GC invocations=4 (full 0):
 garbage-first heap   total 262144K, used 92160K [0x0000000701400000, 0x0000000800000000)
  region size 2048K, 3 young (6144K), 3 survivors (6144K)
 Metaspace       used 6227K, committed 6464K, reserved 1064960K
  class space    used 310K, committed 448K, reserved 1048576K
}
Event: 1.032 GC heap before
{Heap before GC invocations=4 (full 0):
 garbage-first heap   total 262144K, used 131072K [0x0000000701400000, 0x0000000800000000)
  region size 2048K, 22 young (45056K), 3 survivors (6144K)
 Metaspace       used 6227K, committed 6464K, reserved 1064960K
  class space    used 310K, committed 448K, reserved 1048576K
}
Event: 1.050 GC heap after
{Heap after GC invocations=5 (full 0):
 garbage-first heap   total 262144K, used 133120K [0x0000000701400000, 0x0000000800000000)
  region size 2048K, 3 young (6144K), 3 survivors (6144K)
 Metaspace       used 6227K, committed 6464K, reserved 1064960K
  class space    used 310K, committed 448K, reserved 1048576K
}
Event: 1.054 GC heap before
{Heap before GC invocations=5 (full 0):
 garbage-first heap   total 262144K, used 163840K [0x0000000701400000, 0x0000000800000000)
  region size 2048K, 18 young (36864K), 3 survivors (6144K)
 Metaspace       used 6228K, committed 6464K, reserved 1064960K
  class space    used 310K, committed 448K, reserved 1048576K
}
Event: 1.072 GC heap after
{Heap after GC invocations=6 (full 0):
 garbage-first heap   total 786432K, used 164864K [0x0000000701400000, 0x0000000800000000)
  region size 2048K, 3 young (6144K), 3 survivors (6144K)
 Metaspace       used 6228K, committed 6464K, reserved 1064960K
  class space    used 310K, committed 448K, reserved 1048576K
}
Event: 1.102 GC heap before
{Heap before GC invocations=6 (full 0):
 garbage-first heap   total 786432K, used 218112K [0x0000000701400000, 0x0000000800000000)
  region size 2048K, 29 young (59392K), 3 survivors (6144K)
 Metaspace       used 6233K, committed 6464K, reserved 1064960K
  class space    used 310K, committed 448K, reserved 1048576K
}
Event: 1.113 GC heap after
{Heap after GC invocations=7 (full 0):
 garbage-first heap   total 786432K, used 188416K [0x0000000701400000, 0x0000000800000000)
  region size 2048K, 4 young (8192K), 4 survivors (8192K)
 Metaspace       used 6233K, committed 6464K, reserved 1064960K
  class space    used 310K, committed 448K, reserved 1048576K
}
Event: 1.132 GC heap before
{Heap before GC invocations=7 (full 0):
 garbage-first heap   total 786432K, used 245760K [0x0000000701400000, 0x0000000800000000)
  region size 2048K, 32 young (65536K), 4 survivors (8192K)
 Metaspace       used 6364K, committed 6592K, reserved 1064960K
  class space    used 322K, committed 448K, reserved 1048576K
}
Event: 1.145 GC heap after
{Heap after GC invocations=8 (full 0):
 garbage-first heap   total 786432K, used 192097K [0x0000000701400000, 0x0000000800000000)
  region size 2048K, 2 young (4096K), 2 survivors (4096K)
 Metaspace       used 6364K, committed 6592K, reserved 1064960K
  class space    used 322K, committed 448K, reserved 1048576K
}
Event: 1.306 GC heap before
{Heap before GC invocations=9 (full 0):
 garbage-first heap   total 786432K, used 542305K [0x0000000701400000, 0x0000000800000000)
  region size 2048K, 173 young (354304K), 2 survivors (4096K)
 Metaspace       used 6364K, committed 6592K, reserved 1064960K
  class space    used 322K, committed 448K, reserved 1048576K
}
Event: 1.313 GC heap after
{Heap after GC invocations=10 (full 0):
 garbage-first heap   total 786432K, used 202690K [0x0000000701400000, 0x0000000800000000)
  region size 2048K, 7 young (14336K), 7 survivors (14336K)
 Metaspace       used 6364K, committed 6592K, reserved 1064960K
  class space    used 322K, committed 448K, reserved 1048576K
}

