# JRE version: OpenJDK Runtime Environment (17.0.2+8) (build 17.0.2+8-86)
# Java VM: OpenJDK 64-Bit Server VM (17.0.2+8-86, mixed mode, sharing, tiered, compressed oops, compressed class ptrs, g1 gc, windows-amd64)
GC Precious Log:
 CPUs: 12 total, 12 available
 Memory: 16302M
 Large Page Support: Disabled
 NUMA Support: Disabled
 Compressed Oops: Enabled (Zero based)
 Heap Region Size: 2M
 Heap Min Capacity: 8M
 Heap Initial Capacity: 256M
 Heap Max Capacity: 4076M
 Pre-touch: Disabled
 Parallel Workers: 10
 Concurrent Workers: 3
 Concurrent Refinement Workers: 10
 Periodic GC: Disabled
Heap:
 garbage-first heap   total 786432K, used 268563K [0x0000000701400000, 0x0000000800000000)
  region size 2048K, 37 young (75776K), 9 survivors (18432K)
 Metaspace       used 6445K, committed 6592K, reserved 1064960K
  class space    used 331K, committed 448K, reserved 1048576K
GC Heap History (20 events):
Event: 0.934 GC heap before
{Heap before GC invocations=0 (full 0):
 garbage-first heap   total 262144K, used 22528K [0x0000000701400000, 0x0000000800000000)
  region size 2048K, 11 young (22528K), 0 survivors (0K)
 Metaspace       used 6212K, committed 6464K, reserved 1064960K
  class space    used 310K, committed 448K, reserved 1048576K
}
Event: 0.939 GC heap after
{Heap after GC invocations=1 (full 0):
 garbage-first heap   total 262144K, used 10507K [0x0000000701400000, 0x0000000800000000)
  region size 2048K, 2 young (4096K), 2 survivors (4096K)
 Metaspace       used 6212K, committed 6464K, reserved 1064960K
  class space    used 310K, committed 448K, reserved 1048576K
}
Event: 0.945 GC heap before
{Heap before GC invocations=1 (full 0):
 garbage-first heap   total 262144K, used 33035K [0x0000000701400000, 0x0000000800000000)
  region size 2048K, 13 young (26624K), 2 survivors (4096K)
 Metaspace       used 6214K, committed 6464K, reserved 1064960K
  class space    used 310K, committed 448K, reserved 1048576K
}
Event: 0.955 GC heap after
{Heap after GC invocations=2 (full 0):
 garbage-first heap   total 262144K, used 33825K [0x0000000701400000, 0x0000000800000000)
  region size 2048K, 2 young (4096K), 2 survivors (4096K)
 Metaspace       used 6214K, committed 6464K, reserved 1064960K
  class space    used 310K, committed 448K, reserved 1048576K
}
Event: 0.959 GC heap before
{Heap before GC invocations=2 (full 0):
 garbage-first heap   total 262144K, used 58401K [0x0000000701400000, 0x0000000800000000)
  region size 2048K, 14 young (28672K), 2 survivors (4096K)
 Metaspace       used 6214K, committed 6464K, reserved 1064960K
  class space    used 310K, committed 448K, reserved 1048576K
}
Event: 0.970 GC heap after
{Heap after GC invocations=3 (full 0):
 garbage-first heap   total 262144K, used 60000K [0x0000000701400000, 0x0000000800000000)
  region size 2048K, 2 young (4096K), 2 survivors (4096K)
 Metaspace       used 6214K, committed 6464K, reserved 1064960K
  class space    used 310K, committed 448K, reserved 1048576K
}
Event: 0.974 GC heap before
{Heap before GC invocations=3 (full 0):
 garbage-first heap   total 262144K, used 90720K [0x0000000701400000, 0x0000000800000000)
  region size 2048K, 17 young (34816K), 2 survivors (4096K)
 Metaspace       used 6214K, committed 6464K, reserved 1064960K
  class space    used 310K, committed 448K, reserved 1048576K
}
Event: 0.988 GC heap after
{Heap after GC invocations=4 (full 0):
 garbage-first heap   total 262144K, used 93691K [0x0000000701400000, 0x0000000800000000)
  region size 2048K, 3 young (6144K), 3 survivors (6144K)
 Metaspace       used 6214K, committed 6464K, reserved 1064960K
  class space    used 310K, committed 448K, reserved 1048576K
}
Event: 0.994 GC heap before
{Heap before GC invocations=4 (full 0):
 garbage-first heap   total 262144K, used 132603K [0x0000000701400000, 0x0000000800000000)
  region size 2048K, 22 young (45056K), 3 survivors (6144K)
 Metaspace       used 6214K, committed 6464K, reserved 1064960K
  class space    used 310K, committed 448K, reserved 1048576K
}
Event: 1.012 GC heap after
{Heap after GC invocations=5 (full 0):
 garbage-first heap   total 262144K, used 135168K [0x0000000701400000, 0x0000000800000000)
  region size 2048K, 3 young (6144K), 3 survivors (6144K)
 Metaspace       used 6214K, committed 6464K, reserved 1064960K
  class space    used 310K, committed 448K, reserved 1048576K
}
Event: 1.017 GC heap before
{Heap before GC invocations=5 (full 0):
 garbage-first heap   total 262144K, used 163840K [0x0000000701400000, 0x0000000800000000)
  region size 2048K, 17 young (34816K), 3 survivors (6144K)
 Metaspace       used 6215K, committed 6464K, reserved 1064960K
  class space    used 310K, committed 448K, reserved 1048576K
}
Event: 1.032 GC heap after
{Heap after GC invocations=6 (full 0):
 garbage-first heap   total 786432K, used 167936K [0x0000000701400000, 0x0000000800000000)
  region size 2048K, 3 young (6144K), 3 survivors (6144K)
 Metaspace       used 6215K, committed 6464K, reserved 1064960K
  class space    used 310K, committed 448K, reserved 1048576K
}
Event: 1.061 GC heap before
{Heap before GC invocations=6 (full 0):
 garbage-first heap   total 786432K, used 221184K [0x0000000701400000, 0x0000000800000000)
  region size 2048K, 29 young (59392K), 3 survivors (6144K)
 Metaspace       used 6245K, committed 6464K, reserved 1064960K
  class space    used 312K, committed 448K, reserved 1048576K
}
Event: 1.073 GC heap after
{Heap after GC invocations=7 (full 0):
 garbage-first heap   total 786432K, used 193121K [0x0000000701400000, 0x0000000800000000)
  region size 2048K, 4 young (8192K), 4 survivors (8192K)
 Metaspace       used 6245K, committed 6464K, reserved 1064960K
  class space    used 312K, committed 448K, reserved 1048576K
}
Event: 1.092 GC heap before
{Heap before GC invocations=7 (full 0):
 garbage-first heap   total 786432K, used 250465K [0x0000000701400000, 0x0000000800000000)
  region size 2048K, 32 young (65536K), 4 survivors (8192K)
 Metaspace       used 6357K, committed 6592K, reserved 1064960K
  class space    used 322K, committed 448K, reserved 1048576K
}
Event: 1.103 GC heap after
{Heap after GC invocations=8 (full 0):
 garbage-first heap   total 786432K, used 197678K [0x0000000701400000, 0x0000000800000000)
  region size 2048K, 2 young (4096K), 2 survivors (4096K)
 Metaspace       used 6357K, committed 6592K, reserved 1064960K
  class space    used 322K, committed 448K, reserved 1048576K
}
Event: 1.151 GC heap before
{Heap before GC invocations=8 (full 0):
 garbage-first heap   total 786432K, used 318510K [0x0000000701400000, 0x0000000800000000)
  region size 2048K, 61 young (124928K), 2 survivors (4096K)
 Metaspace       used 6357K, committed 6592K, reserved 1064960K
  class space    used 322K, committed 448K, reserved 1048576K
}
Event: 1.158 GC heap after
{Heap after GC invocations=9 (full 0):
 garbage-first heap   total 786432K, used 201229K [0x0000000701400000, 0x0000000800000000)
  region size 2048K, 4 young (8192K), 4 survivors (8192K)
 Metaspace       used 6357K, committed 6592K, reserved 1064960K
  class space    used 322K, committed 448K, reserved 1048576K
}
Event: 1.313 GC heap before
{Heap before GC invocations=10 (full 0):
 garbage-first heap   total 786432K, used 584205K [0x0000000701400000, 0x0000000800000000)
  region size 2048K, 191 young (391168K), 4 survivors (8192K)
 Metaspace       used 6360K, committed 6592K, reserved 1064960K
  class space    used 322K, committed 448K, reserved 1048576K
}
Event: 1.321 GC heap after
{Heap after GC invocations=11 (full 0):
 garbage-first heap   total 786432K, used 213267K [0x0000000701400000, 0x0000000800000000)
  region size 2048K, 9 young (18432K), 9 survivors (18432K)
 Metaspace       used 6360K, committed 6592K, reserved 1064960K
  class space    used 322K, committed 448K, reserved 1048576K
}

